{"timestamp": "2026-05-20T13:29:36.775401+00:00", "level": "ERROR", "service": "login", "message": "unexpected response from dependency", "user": "casey", "request_id": "req-41360", "status_code": 502, "response_ms": 485}
{"timestamp": "2026-05-20T13:29:36.775401+00:00", "level": "INFO", "service": "login", "message": "request completed", "user": "sam", "request_id": "req-91465", "status_code": 500, "response_ms": 1109}
{"timestamp": "2026-05-20T13:29:36.775401+00:00", "level": "WARN", "service": "checkout", "message": "high memory usage", "user": "alex", "request_id": "req-88454", "status_code": 408, "response_ms": 1723}
{"timestamp": "2026-05-20T13:29:36.775401+00:00", "level": "INFO", "service": "search", "message": "request completed", "user": "alex", "request_id": "req-57296", "status_code": 404, "response_ms": 688}
{"timestamp": "2026-05-20T13:29:36.776401+00:00", "level": "INFO", "service": "payments", "message": "user session refreshed", "user": "morgan", "request_id": "req-42852", "status_code": 200, "response_ms": 774}
{"timestamp": "2026-05-20T13:30:16.012749+00:00", "level": "INFO", "service": "payments", "message": "request completed", "user": "casey", "request_id": "req-74825", "status_code": 200, "response_ms": 149}
{"timestamp": "2026-05-20T13:30:16.012749+00:00", "level": "INFO", "service": "checkout", "message": "cache hit", "user": "jordan", "request_id": "req-85935", "status_code": 200, "response_ms": 283}
{"timestamp": "2026-05-20T13:30:16.012749+00:00", "level": "WARN", "service": "login", "message": "retrying external service", "user": "casey", "request_id": "req-21831", "status_code": 408, "response_ms": 1420}
{"timestamp": "2026-05-20T13:30:16.012749+00:00", "level": "WARN", "service": "search", "message": "slow response detected", "user": "casey", "request_id": "req-58955", "status_code": 200, "response_ms": 1119}
{"timestamp": "2026-05-20T13:30:16.012749+00:00", "level": "INFO", "service": "payments", "message": "request completed", "user": "jordan", "request_id": "req-41757", "status_code": 200, "response_ms": 1444}
{"timestamp": "2026-05-20T13:30:31.430390+00:00", "level": "ERROR", "service": "checkout", "message": "database timeout", "user": "taylor", "request_id": "req-60063", "status_code": 500, "response_ms": 135}
{"timestamp": "2026-05-20T13:30:31.430390+00:00", "level": "INFO", "service": "search", "message": "background job completed", "user": "jordan", "request_id": "req-20213", "status_code": 200, "response_ms": 177}
{"timestamp": "2026-05-20T13:30:31.430390+00:00", "level": "INFO", "service": "profile", "message": "cache hit", "user": "morgan", "request_id": "req-38564", "status_code": 200, "response_ms": 177}
{"timestamp": "2026-05-20T13:30:31.430390+00:00", "level": "INFO", "service": "payments", "message": "request completed", "user": "taylor", "request_id": "req-49151", "status_code": 204, "response_ms": 1754}
{"timestamp": "2026-05-20T13:30:31.430390+00:00", "level": "WARN", "service": "profile", "message": "high memory usage", "user": "morgan", "request_id": "req-75284", "status_code": 200, "response_ms": 725}
{"timestamp": "2026-05-20T13:32:20.504429+00:00", "level": "INFO", "service": "search", "message": "background job completed", "user": "jordan", "request_id": "req-53951", "status_code": 200, "response_ms": 927}
{"timestamp": "2026-05-20T13:32:20.705747+00:00", "level": "ERROR", "service": "search", "message": "payment authorization failed", "user": "morgan", "request_id": "req-53435", "status_code": 503, "response_ms": 1382}
{"timestamp": "2026-05-20T13:32:20.906137+00:00", "level": "INFO", "service": "checkout", "message": "request completed", "user": "casey", "request_id": "req-96835", "status_code": 200, "response_ms": 362}
{"timestamp": "2026-05-20T13:32:21.106792+00:00", "level": "INFO", "service": "login", "message": "request completed", "user": "taylor", "request_id": "req-68767", "status_code": 204, "response_ms": 586}
{"timestamp": "2026-05-20T13:32:21.307393+00:00", "level": "WARN", "service": "search", "message": "slow response detected", "user": "sam", "request_id": "req-71609", "status_code": 429, "response_ms": 205}
{"timestamp": "2026-05-20T13:32:21.507992+00:00", "level": "WARN", "service": "checkout", "message": "retrying external service", "user": "casey", "request_id": "req-15573", "status_code": 200, "response_ms": 1253}
{"timestamp": "2026-05-20T13:32:21.708181+00:00", "level": "INFO", "service": "profile", "message": "user session refreshed", "user": "morgan", "request_id": "req-96800", "status_code": 200, "response_ms": 1083}
{"timestamp": "2026-05-20T13:32:21.908784+00:00", "level": "INFO", "service": "profile", "message": "cache hit", "user": "alex", "request_id": "req-82866", "status_code": 201, "response_ms": 370}
{"timestamp": "2026-05-20T13:32:22.109356+00:00", "level": "ERROR", "service": "search", "message": "unexpected response from dependency", "user": "casey", "request_id": "req-37549", "status_code": 500, "response_ms": 1160}
{"timestamp": "2026-05-20T13:32:22.310023+00:00", "level": "INFO", "service": "login", "message": "request completed", "user": "casey", "request_id": "req-21546", "status_code": 200, "response_ms": 273}
{"timestamp": "2026-05-20T13:32:22.510617+00:00", "level": "INFO", "service": "search", "message": "user session refreshed", "user": "morgan", "request_id": "req-37000", "status_code": 200, "response_ms": 612}
{"timestamp": "2026-05-20T13:32:22.711065+00:00", "level": "ERROR", "service": "profile", "message": "payment authorization failed", "user": "alex", "request_id": "req-10118", "status_code": 502, "response_ms": 295}
{"timestamp": "2026-05-20T13:32:22.911651+00:00", "level": "INFO", "service": "profile", "message": "user session refreshed", "user": "alex", "request_id": "req-66092", "status_code": 200, "response_ms": 976}
{"timestamp": "2026-05-20T13:32:23.111942+00:00", "level": "WARN", "service": "payments", "message": "retrying external service", "user": "morgan", "request_id": "req-86648", "status_code": 408, "response_ms": 1757}
{"timestamp": "2026-05-20T13:32:23.312521+00:00", "level": "WARN", "service": "checkout", "message": "high memory usage", "user": "alex", "request_id": "req-31148", "status_code": 429, "response_ms": 1796}
{"timestamp": "2026-05-20T13:32:23.513087+00:00", "level": "INFO", "service": "profile", "message": "user session refreshed", "user": "taylor", "request_id": "req-64972", "status_code": 201, "response_ms": 283}
{"timestamp": "2026-05-20T13:32:23.713514+00:00", "level": "WARN", "service": "search", "message": "slow response detected", "user": "casey", "request_id": "req-12084", "status_code": 200, "response_ms": 399}
{"timestamp": "2026-05-20T13:32:23.914079+00:00", "level": "WARN", "service": "profile", "message": "retrying external service", "user": "alex", "request_id": "req-44938", "status_code": 408, "response_ms": 1527}
{"timestamp": "2026-05-20T13:32:24.114589+00:00", "level": "INFO", "service": "login", "message": "request completed", "user": "casey", "request_id": "req-12409", "status_code": 204, "response_ms": 1089}
{"timestamp": "2026-05-20T13:32:24.315186+00:00", "level": "INFO", "service": "payments", "message": "background job completed", "user": "alex", "request_id": "req-46972", "status_code": 200, "response_ms": 424}
{"timestamp": "2026-05-20T13:32:24.515771+00:00", "level": "WARN", "service": "payments", "message": "slow response detected", "user": "jordan", "request_id": "req-43512", "status_code": 408, "response_ms": 1761}
{"timestamp": "2026-05-20T13:32:24.716430+00:00", "level": "INFO", "service": "search", "message": "cache hit", "user": "alex", "request_id": "req-68570", "status_code": 204, "response_ms": 374}
{"timestamp": "2026-05-20T13:32:24.917046+00:00", "level": "WARN", "service": "login", "message": "high memory usage", "user": "alex", "request_id": "req-59009", "status_code": 429, "response_ms": 56}
{"timestamp": "2026-05-20T13:32:25.117584+00:00", "level": "ERROR", "service": "profile", "message": "payment authorization failed", "user": "morgan", "request_id": "req-97102", "status_code": 502, "response_ms": 1606}
{"timestamp": "2026-05-20T13:32:25.317922+00:00", "level": "INFO", "service": "checkout", "message": "background job completed", "user": "sam", "request_id": "req-97269", "status_code": 200, "response_ms": 109}
{"timestamp": "2026-05-20T13:32:40.029110+00:00", "level": "ERROR", "service": "profile", "message": "payment authorization failed", "user": "sam", "request_id": "req-37857", "status_code": 503, "response_ms": 1666}
{"timestamp": "2026-05-20T13:32:40.229384+00:00", "level": "WARN", "service": "profile", "message": "retrying external service", "user": "alex", "request_id": "req-15779", "status_code": 200, "response_ms": 699}
{"timestamp": "2026-05-20T13:32:40.429974+00:00", "level": "ERROR", "service": "checkout", "message": "unexpected response from dependency", "user": "morgan", "request_id": "req-56141", "status_code": 502, "response_ms": 1506}
{"timestamp": "2026-05-20T13:32:40.630590+00:00", "level": "INFO", "service": "login", "message": "cache hit", "user": "morgan", "request_id": "req-46667", "status_code": 201, "response_ms": 244}
{"timestamp": "2026-05-20T13:32:40.830796+00:00", "level": "INFO", "service": "payments", "message": "cache hit", "user": "taylor", "request_id": "req-49172", "status_code": 200, "response_ms": 336}
{"timestamp": "2026-05-20T13:32:41.031384+00:00", "level": "INFO", "service": "search", "message": "background job completed", "user": "jordan", "request_id": "req-17868", "status_code": 200, "response_ms": 69}
{"timestamp": "2026-05-20T13:32:41.231821+00:00", "level": "WARN", "service": "search", "message": "slow response detected", "user": "casey", "request_id": "req-13763", "status_code": 429, "response_ms": 1239}
{"timestamp": "2026-05-20T13:32:41.432428+00:00", "level": "ERROR", "service": "payments", "message": "payment authorization failed", "user": "alex", "request_id": "req-68549", "status_code": 502, "response_ms": 698}
{"timestamp": "2026-05-20T13:32:41.632966+00:00", "level": "INFO", "service": "search", "message": "request completed", "user": "jordan", "request_id": "req-53885", "status_code": 200, "response_ms": 1339}
{"timestamp": "2026-05-20T13:32:41.833549+00:00", "level": "ERROR", "service": "login", "message": "payment authorization failed", "user": "sam", "request_id": "req-29080", "status_code": 502, "response_ms": 1547}
{"timestamp": "2026-05-20T13:32:42.034154+00:00", "level": "ERROR", "service": "checkout", "message": "payment authorization failed", "user": "sam", "request_id": "req-94446", "status_code": 500, "response_ms": 866}
{"timestamp": "2026-05-20T13:32:42.234739+00:00", "level": "INFO", "service": "checkout", "message": "request completed", "user": "taylor", "request_id": "req-10426", "status_code": 200, "response_ms": 1512}
{"timestamp": "2026-05-20T13:32:42.434989+00:00", "level": "WARN", "service": "checkout", "message": "slow response detected", "user": "jordan", "request_id": "req-34575", "status_code": 408, "response_ms": 903}
{"timestamp": "2026-05-20T13:32:42.635645+00:00", "level": "INFO", "service": "login", "message": "cache hit", "user": "sam", "request_id": "req-35341", "status_code": 200, "response_ms": 692}
{"timestamp": "2026-05-20T13:32:42.836047+00:00", "level": "ERROR", "service": "profile", "message": "database timeout", "user": "taylor", "request_id": "req-66216", "status_code": 503, "response_ms": 1663}
{"timestamp": "2026-05-20T13:32:43.036444+00:00", "level": "WARN", "service": "payments", "message": "slow response detected", "user": "taylor", "request_id": "req-18525", "status_code": 200, "response_ms": 592}
{"timestamp": "2026-05-20T13:32:43.237031+00:00", "level": "INFO", "service": "search", "message": "background job completed", "user": "morgan", "request_id": "req-40992", "status_code": 204, "response_ms": 720}
{"timestamp": "2026-05-20T13:32:43.437609+00:00", "level": "WARN", "service": "login", "message": "high memory usage", "user": "taylor", "request_id": "req-30821", "status_code": 408, "response_ms": 1322}
{"timestamp": "2026-05-20T13:32:43.638163+00:00", "level": "INFO", "service": "payments", "message": "cache hit", "user": "sam", "request_id": "req-26267", "status_code": 204, "response_ms": 1478}
{"timestamp": "2026-05-20T13:32:43.838651+00:00", "level": "INFO", "service": "profile", "message": "cache hit", "user": "morgan", "request_id": "req-78538", "status_code": 200, "response_ms": 1205}
{"timestamp": "2026-05-20T13:32:44.039238+00:00", "level": "INFO", "service": "checkout", "message": "user session refreshed", "user": "alex", "request_id": "req-87634", "status_code": 204, "response_ms": 1754}
{"timestamp": "2026-05-20T13:32:44.239591+00:00", "level": "INFO", "service": "profile", "message": "cache hit", "user": "taylor", "request_id": "req-63393", "status_code": 204, "response_ms": 1567}
{"timestamp": "2026-05-20T13:32:44.440106+00:00", "level": "INFO", "service": "login", "message": "background job completed", "user": "jordan", "request_id": "req-27666", "status_code": 200, "response_ms": 196}
{"timestamp": "2026-05-20T13:32:44.640781+00:00", "level": "INFO", "service": "login", "message": "background job completed", "user": "taylor", "request_id": "req-39819", "status_code": 200, "response_ms": 397}
{"timestamp": "2026-05-20T13:32:44.841120+00:00", "level": "INFO", "service": "payments", "message": "user session refreshed", "user": "sam", "request_id": "req-77752", "status_code": 200, "response_ms": 153}
